2026-02-23 23:20:22,632 - pishro_bot - INFO - Starting bot in polling mode...
2026-02-23 23:20:22,632 - pishro_bot - INFO - Starting bot in polling mode...
2026-02-23 23:20:22,646 - pishro_bot - INFO - Database initialized
2026-02-23 23:20:22,646 - pishro_bot - INFO - Database initialized
2026-02-23 23:23:50,744 - pishro_bot - INFO - Starting bot in polling mode...
2026-02-23 23:23:50,744 - pishro_bot - INFO - Starting bot in polling mode...
2026-02-23 23:23:50,750 - pishro_bot - INFO - Database initialized
2026-02-23 23:23:50,750 - pishro_bot - INFO - Database initialized
2026-02-23 23:23:51,990 - pishro_bot - INFO - Bot commands configured
2026-02-23 23:23:51,990 - pishro_bot - INFO - Bot commands configured
2026-02-23 23:31:32,658 - pishro_bot - INFO - Starting bot in polling mode...
2026-02-23 23:31:32,658 - pishro_bot - INFO - Starting bot in polling mode...
2026-02-23 23:31:32,686 - pishro_bot - INFO - Database initialized
2026-02-23 23:31:32,686 - pishro_bot - INFO - Database initialized
2026-02-23 23:31:33,859 - pishro_bot - INFO - Bot commands configured
2026-02-23 23:31:33,859 - pishro_bot - INFO - Bot commands configured
2026-02-23 23:32:10,901 - pishro_bot - INFO - Starting bot in polling mode...
2026-02-23 23:32:10,901 - pishro_bot - INFO - Starting bot in polling mode...
2026-02-23 23:32:10,905 - pishro_bot - INFO - Database initialized
2026-02-23 23:32:10,905 - pishro_bot - INFO - Database initialized
2026-02-23 23:32:11,528 - pishro_bot - INFO - Bot commands configured
2026-02-23 23:32:11,528 - pishro_bot - INFO - Bot commands configured
2026-02-23 23:32:54,795 - pishro_bot - INFO - Starting bot in polling mode...
2026-02-23 23:32:54,795 - pishro_bot - INFO - Starting bot in polling mode...
2026-02-23 23:32:54,800 - pishro_bot - INFO - Database initialized
2026-02-23 23:32:54,800 - pishro_bot - INFO - Database initialized
2026-02-23 23:32:56,219 - pishro_bot - INFO - Bot commands configured
2026-02-23 23:32:56,219 - pishro_bot - INFO - Bot commands configured
2026-02-23 23:33:41,143 - pishro_bot - INFO - Starting bot in polling mode...
2026-02-23 23:33:41,143 - pishro_bot - INFO - Starting bot in polling mode...
2026-02-23 23:33:41,149 - pishro_bot - INFO - Database initialized
2026-02-23 23:33:41,149 - pishro_bot - INFO - Database initialized
2026-02-23 23:33:42,272 - pishro_bot - INFO - Bot commands configured
2026-02-23 23:33:42,272 - pishro_bot - INFO - Bot commands configured
2026-02-23 23:34:17,751 - pishro_bot - INFO - Starting bot in polling mode...
2026-02-23 23:34:17,751 - pishro_bot - INFO - Starting bot in polling mode...
2026-02-23 23:34:17,754 - pishro_bot - INFO - Database initialized
2026-02-23 23:34:17,754 - pishro_bot - INFO - Database initialized
2026-02-23 23:34:20,566 - pishro_bot - INFO - Bot commands configured
2026-02-23 23:34:20,566 - pishro_bot - INFO - Bot commands configured
2026-02-23 23:36:18,509 - pishro_bot - INFO - Starting bot in polling mode...
2026-02-23 23:36:18,509 - pishro_bot - INFO - Starting bot in polling mode...
2026-02-23 23:36:18,520 - pishro_bot - INFO - Database initialized
2026-02-23 23:36:18,520 - pishro_bot - INFO - Database initialized
2026-02-23 23:36:19,478 - pishro_bot - INFO - Bot commands configured
2026-02-23 23:36:19,478 - pishro_bot - INFO - Bot commands configured
2026-02-23 23:36:19,478 - pishro_bot - INFO - Bot ready to receive updates!
2026-02-23 23:36:19,478 - pishro_bot - INFO - Bot ready to receive updates!
2026-02-23 23:36:19,478 - pishro_bot - INFO - Starting polling loop...
2026-02-23 23:36:19,478 - pishro_bot - INFO - Starting polling loop...
